2024-01-06 12:05:50,453{GMT}	INFO	[jepsen test runner] jepsen.core: Command line:
lein run test -w echo --bin /Users/mohamed.elzien/go/bin/maelstrom-echo --node-count 1 --time-limit 10
2024-01-06 12:05:50,487{GMT}	INFO	[jepsen test runner] jepsen.core: Running test:
{:args []
 :remote
 #jepsen.control.retry.Remote{:remote #jepsen.control.scp.Remote{:cmd-remote #jepsen.control.sshj.SSHJRemote{:concurrency-limit 6,
                                                                                                             :conn-spec nil,
                                                                                                             :client nil,
                                                                                                             :semaphore nil},
                                                                 :conn-spec nil},
                              :conn nil}
 :log-net-send false
 :node-count 1
 :availability nil
 :max-txn-length 4
 :concurrency 1
 :db
 #object[maelstrom.db$db$reify__16142
         "0x527e6bd3"
         "maelstrom.db$db$reify__16142@527e6bd3"]
 :max-writes-per-key 16
 :leave-db-running? false
 :name "echo"
 :logging-json? false
 :start-time
 #object[org.joda.time.DateTime "0x3c634a04" "2024-01-06T12:05:50.427+02:00"]
 :nemesis-interval 10
 :net
 #object[maelstrom.net$jepsen_net$reify__15251
         "0x4b48be5c"
         "maelstrom.net$jepsen_net$reify__15251@4b48be5c"]
 :client
 #object[maelstrom.workload.echo$client$reify__16863
         "0x3fe8d57a"
         "maelstrom.workload.echo$client$reify__16863@3fe8d57a"]
 :barrier
 #object[java.util.concurrent.CyclicBarrier
         "0x36573ec5"
         "java.util.concurrent.CyclicBarrier@36573ec5"]
 :log-stderr false
 :pure-generators true
 :ssh {:dummy? true}
 :rate 5
 :checker
 #object[jepsen.checker$compose$reify__11881
         "0x10c26161"
         "jepsen.checker$compose$reify__11881@10c26161"]
 :argv
 ("test"
  "-w"
  "echo"
  "--bin"
  "/Users/mohamed.elzien/go/bin/maelstrom-echo"
  "--node-count"
  "1"
  "--time-limit"
  "10")
 :nemesis
 (jepsen.nemesis.ReflCompose
  {:fm {:start-partition 0,
        :stop-partition 0,
        :kill 1,
        :start 1,
        :pause 1,
        :resume 1},
   :nemeses [#unprintable "jepsen.nemesis.combined$partition_nemesis$reify__16416@1ef6977b"
             #unprintable "jepsen.nemesis.combined$db_nemesis$reify__16397@674cd2da"]})
 :nodes ["n0"]
 :test-count 1
 :latency {:mean 0, :dist :constant}
 :bin "/Users/mohamed.elzien/go/bin/maelstrom-echo"
 :generator
 (jepsen.generator.TimeLimit
  {:limit 10000000000,
   :cutoff nil,
   :gen (jepsen.generator.Any
         {:gens [(jepsen.generator.OnThreads
                  {:f #{:nemesis},
                   :context-filter #object[jepsen.generator.context$make_thread_filter$lazy_filter__9167
                                           "0x34d776eb"
                                           "jepsen.generator.context$make_thread_filter$lazy_filter__9167@34d776eb"],
                   :gen nil})
                 (jepsen.generator.OnThreads
                  {:f #jepsen.generator.context.AllBut{:element :nemesis},
                   :context-filter #object[jepsen.generator.context$make_thread_filter$lazy_filter__9167
                                           "0x60a3a0fa"
                                           "jepsen.generator.context$make_thread_filter$lazy_filter__9167@60a3a0fa"],
                   :gen (jepsen.generator.Stagger
                         {:dt 400000000,
                          :next-time nil,
                          :gen (jepsen.generator.EachThread
                                {:fresh-gen #object[maelstrom.workload.echo$workload$fn__16882
                                                    "0x17734113"
                                                    "maelstrom.workload.echo$workload$fn__16882@17734113"],
                                 :context-filters #object[clojure.core$promise$reify__8591
                                                          "0x27aa700"
                                                          {:status :pending,
                                                           :val nil}],
                                 :gens {}})})})]})})
 :log-net-recv false
 :os
 #object[maelstrom.net$jepsen_os$reify__15254
         "0xd15f98a"
         "maelstrom.net$jepsen_os$reify__15254@d15f98a"]
 :time-limit 10
 :workload :echo
 :consistency-models [:strict-serializable]
 :topology :grid}

2024-01-06 12:05:51,305{GMT}	INFO	[jepsen node n0] maelstrom.net: Starting Maelstrom network
2024-01-06 12:05:51,306{GMT}	INFO	[jepsen test runner] jepsen.db: Tearing down DB
2024-01-06 12:05:51,307{GMT}	INFO	[jepsen test runner] jepsen.db: Setting up DB
2024-01-06 12:05:51,308{GMT}	INFO	[jepsen node n0] maelstrom.service: Starting services: (lin-kv lin-tso lww-kv seq-kv)
2024-01-06 12:05:51,309{GMT}	INFO	[jepsen node n0] maelstrom.db: Setting up n0
2024-01-06 12:05:51,309{GMT}	INFO	[jepsen node n0] maelstrom.process: launching /Users/mohamed.elzien/go/bin/maelstrom-echo []
2024-01-06 12:05:51,743{GMT}	INFO	[jepsen test runner] jepsen.core: Relative time begins now
2024-01-06 12:05:51,758{GMT}	INFO	[jepsen worker 0] jepsen.util: 0	:invoke	:echo	"Please echo 4"
2024-01-06 12:05:51,764{GMT}	INFO	[jepsen worker 0] jepsen.util: 0	:ok	:echo	{:echo "Please echo 4", :in_reply_to 1, :msg_id 1, :type "echo_ok"}
2024-01-06 12:05:51,870{GMT}	INFO	[jepsen worker 0] jepsen.util: 0	:invoke	:echo	"Please echo 101"
2024-01-06 12:05:51,871{GMT}	INFO	[jepsen worker 0] jepsen.util: 0	:ok	:echo	{:echo "Please echo 101", :in_reply_to 2, :msg_id 2, :type "echo_ok"}
2024-01-06 12:05:52,246{GMT}	INFO	[jepsen worker 0] jepsen.util: 0	:invoke	:echo	"Please echo 120"
2024-01-06 12:05:52,249{GMT}	INFO	[jepsen worker 0] jepsen.util: 0	:ok	:echo	{:echo "Please echo 120", :in_reply_to 3, :msg_id 3, :type "echo_ok"}
2024-01-06 12:05:52,609{GMT}	INFO	[jepsen worker 0] jepsen.util: 0	:invoke	:echo	"Please echo 88"
2024-01-06 12:05:52,613{GMT}	INFO	[jepsen worker 0] jepsen.util: 0	:ok	:echo	{:echo "Please echo 88", :in_reply_to 4, :msg_id 4, :type "echo_ok"}
2024-01-06 12:05:52,795{GMT}	INFO	[jepsen worker 0] jepsen.util: 0	:invoke	:echo	"Please echo 32"
2024-01-06 12:05:52,799{GMT}	INFO	[jepsen worker 0] jepsen.util: 0	:ok	:echo	{:echo "Please echo 32", :in_reply_to 5, :msg_id 5, :type "echo_ok"}
2024-01-06 12:05:53,055{GMT}	INFO	[jepsen worker 0] jepsen.util: 0	:invoke	:echo	"Please echo 21"
2024-01-06 12:05:53,058{GMT}	INFO	[jepsen worker 0] jepsen.util: 0	:ok	:echo	{:echo "Please echo 21", :in_reply_to 6, :msg_id 6, :type "echo_ok"}
2024-01-06 12:05:53,277{GMT}	INFO	[jepsen worker 0] jepsen.util: 0	:invoke	:echo	"Please echo 95"
2024-01-06 12:05:53,280{GMT}	INFO	[jepsen worker 0] jepsen.util: 0	:ok	:echo	{:echo "Please echo 95", :in_reply_to 7, :msg_id 7, :type "echo_ok"}
2024-01-06 12:05:53,668{GMT}	INFO	[jepsen worker 0] jepsen.util: 0	:invoke	:echo	"Please echo 98"
2024-01-06 12:05:53,670{GMT}	INFO	[jepsen worker 0] jepsen.util: 0	:ok	:echo	{:echo "Please echo 98", :in_reply_to 8, :msg_id 8, :type "echo_ok"}
2024-01-06 12:05:53,861{GMT}	INFO	[jepsen worker 0] jepsen.util: 0	:invoke	:echo	"Please echo 46"
2024-01-06 12:05:53,862{GMT}	INFO	[jepsen worker 0] jepsen.util: 0	:ok	:echo	{:echo "Please echo 46", :in_reply_to 9, :msg_id 9, :type "echo_ok"}
2024-01-06 12:05:53,904{GMT}	INFO	[jepsen worker 0] jepsen.util: 0	:invoke	:echo	"Please echo 15"
2024-01-06 12:05:53,905{GMT}	INFO	[jepsen worker 0] jepsen.util: 0	:ok	:echo	{:echo "Please echo 15", :in_reply_to 10, :msg_id 10, :type "echo_ok"}
2024-01-06 12:05:54,251{GMT}	INFO	[jepsen worker 0] jepsen.util: 0	:invoke	:echo	"Please echo 59"
2024-01-06 12:05:54,256{GMT}	INFO	[jepsen worker 0] jepsen.util: 0	:ok	:echo	{:echo "Please echo 59", :in_reply_to 11, :msg_id 11, :type "echo_ok"}
2024-01-06 12:05:54,338{GMT}	INFO	[jepsen worker 0] jepsen.util: 0	:invoke	:echo	"Please echo 125"
2024-01-06 12:05:54,341{GMT}	INFO	[jepsen worker 0] jepsen.util: 0	:ok	:echo	{:echo "Please echo 125", :in_reply_to 12, :msg_id 12, :type "echo_ok"}
2024-01-06 12:05:54,444{GMT}	INFO	[jepsen worker 0] jepsen.util: 0	:invoke	:echo	"Please echo 68"
2024-01-06 12:05:54,447{GMT}	INFO	[jepsen worker 0] jepsen.util: 0	:ok	:echo	{:echo "Please echo 68", :in_reply_to 13, :msg_id 13, :type "echo_ok"}
2024-01-06 12:05:54,632{GMT}	INFO	[jepsen worker 0] jepsen.util: 0	:invoke	:echo	"Please echo 8"
2024-01-06 12:05:54,635{GMT}	INFO	[jepsen worker 0] jepsen.util: 0	:ok	:echo	{:echo "Please echo 8", :in_reply_to 14, :msg_id 14, :type "echo_ok"}
2024-01-06 12:05:54,982{GMT}	INFO	[jepsen worker 0] jepsen.util: 0	:invoke	:echo	"Please echo 21"
2024-01-06 12:05:54,985{GMT}	INFO	[jepsen worker 0] jepsen.util: 0	:ok	:echo	{:echo "Please echo 21", :in_reply_to 15, :msg_id 15, :type "echo_ok"}
2024-01-06 12:05:55,218{GMT}	INFO	[jepsen worker 0] jepsen.util: 0	:invoke	:echo	"Please echo 16"
2024-01-06 12:05:55,222{GMT}	INFO	[jepsen worker 0] jepsen.util: 0	:ok	:echo	{:echo "Please echo 16", :in_reply_to 16, :msg_id 16, :type "echo_ok"}
2024-01-06 12:05:55,348{GMT}	INFO	[jepsen worker 0] jepsen.util: 0	:invoke	:echo	"Please echo 45"
2024-01-06 12:05:55,351{GMT}	INFO	[jepsen worker 0] jepsen.util: 0	:ok	:echo	{:echo "Please echo 45", :in_reply_to 17, :msg_id 17, :type "echo_ok"}
2024-01-06 12:05:55,647{GMT}	INFO	[jepsen worker 0] jepsen.util: 0	:invoke	:echo	"Please echo 113"
2024-01-06 12:05:55,651{GMT}	INFO	[jepsen worker 0] jepsen.util: 0	:ok	:echo	{:echo "Please echo 113", :in_reply_to 18, :msg_id 18, :type "echo_ok"}
2024-01-06 12:05:55,678{GMT}	INFO	[jepsen worker 0] jepsen.util: 0	:invoke	:echo	"Please echo 12"
2024-01-06 12:05:55,681{GMT}	INFO	[jepsen worker 0] jepsen.util: 0	:ok	:echo	{:echo "Please echo 12", :in_reply_to 19, :msg_id 19, :type "echo_ok"}
2024-01-06 12:05:55,837{GMT}	INFO	[jepsen worker 0] jepsen.util: 0	:invoke	:echo	"Please echo 124"
2024-01-06 12:05:55,842{GMT}	INFO	[jepsen worker 0] jepsen.util: 0	:ok	:echo	{:echo "Please echo 124", :in_reply_to 20, :msg_id 20, :type "echo_ok"}
2024-01-06 12:05:56,143{GMT}	INFO	[jepsen worker 0] jepsen.util: 0	:invoke	:echo	"Please echo 120"
2024-01-06 12:05:56,146{GMT}	INFO	[jepsen worker 0] jepsen.util: 0	:ok	:echo	{:echo "Please echo 120", :in_reply_to 21, :msg_id 21, :type "echo_ok"}
2024-01-06 12:05:56,146{GMT}	INFO	[jepsen worker 0] jepsen.util: 0	:invoke	:echo	"Please echo 110"
2024-01-06 12:05:56,148{GMT}	INFO	[jepsen worker 0] jepsen.util: 0	:ok	:echo	{:echo "Please echo 110", :in_reply_to 22, :msg_id 22, :type "echo_ok"}
2024-01-06 12:05:56,435{GMT}	INFO	[jepsen worker 0] jepsen.util: 0	:invoke	:echo	"Please echo 18"
2024-01-06 12:05:56,438{GMT}	INFO	[jepsen worker 0] jepsen.util: 0	:ok	:echo	{:echo "Please echo 18", :in_reply_to 23, :msg_id 23, :type "echo_ok"}
2024-01-06 12:05:56,815{GMT}	INFO	[jepsen worker 0] jepsen.util: 0	:invoke	:echo	"Please echo 45"
2024-01-06 12:05:56,819{GMT}	INFO	[jepsen worker 0] jepsen.util: 0	:ok	:echo	{:echo "Please echo 45", :in_reply_to 24, :msg_id 24, :type "echo_ok"}
2024-01-06 12:05:56,940{GMT}	INFO	[jepsen worker 0] jepsen.util: 0	:invoke	:echo	"Please echo 41"
2024-01-06 12:05:56,943{GMT}	INFO	[jepsen worker 0] jepsen.util: 0	:ok	:echo	{:echo "Please echo 41", :in_reply_to 25, :msg_id 25, :type "echo_ok"}
2024-01-06 12:05:57,315{GMT}	INFO	[jepsen worker 0] jepsen.util: 0	:invoke	:echo	"Please echo 61"
2024-01-06 12:05:57,317{GMT}	INFO	[jepsen worker 0] jepsen.util: 0	:ok	:echo	{:echo "Please echo 61", :in_reply_to 26, :msg_id 26, :type "echo_ok"}
2024-01-06 12:05:57,696{GMT}	INFO	[jepsen worker 0] jepsen.util: 0	:invoke	:echo	"Please echo 98"
2024-01-06 12:05:57,700{GMT}	INFO	[jepsen worker 0] jepsen.util: 0	:ok	:echo	{:echo "Please echo 98", :in_reply_to 27, :msg_id 27, :type "echo_ok"}
2024-01-06 12:05:58,034{GMT}	INFO	[jepsen worker 0] jepsen.util: 0	:invoke	:echo	"Please echo 77"
2024-01-06 12:05:58,039{GMT}	INFO	[jepsen worker 0] jepsen.util: 0	:ok	:echo	{:echo "Please echo 77", :in_reply_to 28, :msg_id 28, :type "echo_ok"}
2024-01-06 12:05:58,314{GMT}	INFO	[jepsen worker 0] jepsen.util: 0	:invoke	:echo	"Please echo 77"
2024-01-06 12:05:58,317{GMT}	INFO	[jepsen worker 0] jepsen.util: 0	:ok	:echo	{:echo "Please echo 77", :in_reply_to 29, :msg_id 29, :type "echo_ok"}
2024-01-06 12:05:58,546{GMT}	INFO	[jepsen worker 0] jepsen.util: 0	:invoke	:echo	"Please echo 22"
2024-01-06 12:05:58,550{GMT}	INFO	[jepsen worker 0] jepsen.util: 0	:ok	:echo	{:echo "Please echo 22", :in_reply_to 30, :msg_id 30, :type "echo_ok"}
2024-01-06 12:05:58,700{GMT}	INFO	[jepsen worker 0] jepsen.util: 0	:invoke	:echo	"Please echo 54"
2024-01-06 12:05:58,704{GMT}	INFO	[jepsen worker 0] jepsen.util: 0	:ok	:echo	{:echo "Please echo 54", :in_reply_to 31, :msg_id 31, :type "echo_ok"}
2024-01-06 12:05:58,852{GMT}	INFO	[jepsen worker 0] jepsen.util: 0	:invoke	:echo	"Please echo 98"
2024-01-06 12:05:58,854{GMT}	INFO	[jepsen worker 0] jepsen.util: 0	:ok	:echo	{:echo "Please echo 98", :in_reply_to 32, :msg_id 32, :type "echo_ok"}
2024-01-06 12:05:59,089{GMT}	INFO	[jepsen worker 0] jepsen.util: 0	:invoke	:echo	"Please echo 53"
2024-01-06 12:05:59,091{GMT}	INFO	[jepsen worker 0] jepsen.util: 0	:ok	:echo	{:echo "Please echo 53", :in_reply_to 33, :msg_id 33, :type "echo_ok"}
2024-01-06 12:05:59,420{GMT}	INFO	[jepsen worker 0] jepsen.util: 0	:invoke	:echo	"Please echo 99"
2024-01-06 12:05:59,422{GMT}	INFO	[jepsen worker 0] jepsen.util: 0	:ok	:echo	{:echo "Please echo 99", :in_reply_to 34, :msg_id 34, :type "echo_ok"}
2024-01-06 12:05:59,522{GMT}	INFO	[jepsen worker 0] jepsen.util: 0	:invoke	:echo	"Please echo 127"
2024-01-06 12:05:59,526{GMT}	INFO	[jepsen worker 0] jepsen.util: 0	:ok	:echo	{:echo "Please echo 127", :in_reply_to 35, :msg_id 35, :type "echo_ok"}
2024-01-06 12:05:59,847{GMT}	INFO	[jepsen worker 0] jepsen.util: 0	:invoke	:echo	"Please echo 126"
2024-01-06 12:05:59,851{GMT}	INFO	[jepsen worker 0] jepsen.util: 0	:ok	:echo	{:echo "Please echo 126", :in_reply_to 36, :msg_id 36, :type "echo_ok"}
2024-01-06 12:06:00,028{GMT}	INFO	[jepsen worker 0] jepsen.util: 0	:invoke	:echo	"Please echo 95"
2024-01-06 12:06:00,030{GMT}	INFO	[jepsen worker 0] jepsen.util: 0	:ok	:echo	{:echo "Please echo 95", :in_reply_to 37, :msg_id 37, :type "echo_ok"}
2024-01-06 12:06:00,101{GMT}	INFO	[jepsen worker 0] jepsen.util: 0	:invoke	:echo	"Please echo 3"
2024-01-06 12:06:00,103{GMT}	INFO	[jepsen worker 0] jepsen.util: 0	:ok	:echo	{:echo "Please echo 3", :in_reply_to 38, :msg_id 38, :type "echo_ok"}
2024-01-06 12:06:00,231{GMT}	INFO	[jepsen worker 0] jepsen.util: 0	:invoke	:echo	"Please echo 14"
2024-01-06 12:06:00,234{GMT}	INFO	[jepsen worker 0] jepsen.util: 0	:ok	:echo	{:echo "Please echo 14", :in_reply_to 39, :msg_id 39, :type "echo_ok"}
2024-01-06 12:06:00,414{GMT}	INFO	[jepsen worker 0] jepsen.util: 0	:invoke	:echo	"Please echo 23"
2024-01-06 12:06:00,419{GMT}	INFO	[jepsen worker 0] jepsen.util: 0	:ok	:echo	{:echo "Please echo 23", :in_reply_to 40, :msg_id 40, :type "echo_ok"}
2024-01-06 12:06:00,623{GMT}	INFO	[jepsen worker 0] jepsen.util: 0	:invoke	:echo	"Please echo 65"
2024-01-06 12:06:00,625{GMT}	INFO	[jepsen worker 0] jepsen.util: 0	:ok	:echo	{:echo "Please echo 65", :in_reply_to 41, :msg_id 41, :type "echo_ok"}
2024-01-06 12:06:00,805{GMT}	INFO	[jepsen worker 0] jepsen.util: 0	:invoke	:echo	"Please echo 32"
2024-01-06 12:06:00,808{GMT}	INFO	[jepsen worker 0] jepsen.util: 0	:ok	:echo	{:echo "Please echo 32", :in_reply_to 42, :msg_id 42, :type "echo_ok"}
2024-01-06 12:06:01,087{GMT}	INFO	[jepsen worker 0] jepsen.util: 0	:invoke	:echo	"Please echo 44"
2024-01-06 12:06:01,090{GMT}	INFO	[jepsen worker 0] jepsen.util: 0	:ok	:echo	{:echo "Please echo 44", :in_reply_to 43, :msg_id 43, :type "echo_ok"}
2024-01-06 12:06:01,122{GMT}	INFO	[jepsen worker 0] jepsen.util: 0	:invoke	:echo	"Please echo 30"
2024-01-06 12:06:01,125{GMT}	INFO	[jepsen worker 0] jepsen.util: 0	:ok	:echo	{:echo "Please echo 30", :in_reply_to 44, :msg_id 44, :type "echo_ok"}
2024-01-06 12:06:01,270{GMT}	INFO	[jepsen worker 0] jepsen.util: 0	:invoke	:echo	"Please echo 72"
2024-01-06 12:06:01,274{GMT}	INFO	[jepsen worker 0] jepsen.util: 0	:ok	:echo	{:echo "Please echo 72", :in_reply_to 45, :msg_id 45, :type "echo_ok"}
2024-01-06 12:06:01,348{GMT}	INFO	[jepsen worker 0] jepsen.util: 0	:invoke	:echo	"Please echo 22"
2024-01-06 12:06:01,351{GMT}	INFO	[jepsen worker 0] jepsen.util: 0	:ok	:echo	{:echo "Please echo 22", :in_reply_to 46, :msg_id 46, :type "echo_ok"}
2024-01-06 12:06:01,443{GMT}	INFO	[jepsen worker 0] jepsen.util: 0	:invoke	:echo	"Please echo 4"
2024-01-06 12:06:01,447{GMT}	INFO	[jepsen worker 0] jepsen.util: 0	:ok	:echo	{:echo "Please echo 4", :in_reply_to 47, :msg_id 47, :type "echo_ok"}
2024-01-06 12:06:01,639{GMT}	INFO	[jepsen worker 0] jepsen.util: 0	:invoke	:echo	"Please echo 114"
2024-01-06 12:06:01,642{GMT}	INFO	[jepsen worker 0] jepsen.util: 0	:ok	:echo	{:echo "Please echo 114", :in_reply_to 48, :msg_id 48, :type "echo_ok"}
2024-01-06 12:06:01,665{GMT}	INFO	[jepsen test runner] jepsen.core: Run complete, writing
2024-01-06 12:06:01,712{GMT}	INFO	[jepsen node n0] maelstrom.db: Tearing down n0
2024-01-06 12:06:03,350{GMT}	INFO	[jepsen node n0] maelstrom.net: Shutting down Maelstrom network
2024-01-06 12:06:03,353{GMT}	INFO	[jepsen test runner] jepsen.core: Analyzing...
2024-01-06 12:06:03,661{GMT}	INFO	[jepsen test runner] jepsen.core: Analysis complete
2024-01-06 12:06:03,666{GMT}	INFO	[jepsen results] jepsen.store: Wrote /Users/mohamed.elzien/Desktop/Distrbuted_Systems_Challenge/1-Echo/store/echo/20240106T120550.427+0200/results.edn
2024-01-06 12:06:03,679{GMT}	INFO	[jepsen test runner] jepsen.core: {:perf {:latency-graph {:valid? true},
        :rate-graph {:valid? true},
        :valid? true},
 :timeline {:valid? true},
 :exceptions {:valid? true},
 :stats {:valid? true,
         :count 48,
         :ok-count 48,
         :fail-count 0,
         :info-count 0,
         :by-f {:echo {:valid? true,
                       :count 48,
                       :ok-count 48,
                       :fail-count 0,
                       :info-count 0}}},
 :availability {:valid? true, :ok-fraction 1.0},
 :net {:all {:send-count 98,
             :recv-count 98,
             :msg-count 98,
             :msgs-per-op 2.0416667},
       :clients {:send-count 98, :recv-count 98, :msg-count 98},
       :servers {:send-count 0,
                 :recv-count 0,
                 :msg-count 0,
                 :msgs-per-op 0.0},
       :valid? true},
 :workload {:valid? true, :errors ()},
 :valid? true}


Everything looks good! ヽ(‘ー`)ノ
